  [1m[35m (1200.5ms)[0m  [1m[35mCREATE DATABASE "DevcampPortfolio_development" ENCODING = 'unicode'[0m
  ↳ bin/rails:9
  [1m[35m (744.2ms)[0m  [1m[35mCREATE DATABASE "DevcampPortfolio_test" ENCODING = 'unicode'[0m
  ↳ bin/rails:9
  [1m[35m (300.6ms)[0m  [1m[35mCREATE TABLE "schema_migrations" ("version" character varying NOT NULL PRIMARY KEY)[0m
  ↳ bin/rails:9
  [1m[35m (143.2ms)[0m  [1m[35mCREATE TABLE "ar_internal_metadata" ("key" character varying NOT NULL PRIMARY KEY, "value" character varying, "created_at" timestamp NOT NULL, "updated_at" timestamp NOT NULL)[0m
  ↳ bin/rails:9
  [1m[35m (1.1ms)[0m  [1m[34mSELECT pg_try_advisory_lock(5396089536776303610)[0m
  ↳ bin/rails:9
  [1m[35m (1.2ms)[0m  [1m[34mSELECT "schema_migrations"."version" FROM "schema_migrations" ORDER BY "schema_migrations"."version" ASC[0m
  ↳ bin/rails:9
  [1m[36mActiveRecord::InternalMetadata Load (1.1ms)[0m  [1m[34mSELECT  "ar_internal_metadata".* FROM "ar_internal_metadata" WHERE "ar_internal_metadata"."key" = $1 LIMIT $2[0m  [["key", "environment"], ["LIMIT", 1]]
  ↳ bin/rails:9
  [1m[35m (0.3ms)[0m  [1m[35mBEGIN[0m
  ↳ bin/rails:9
  [1m[36mActiveRecord::InternalMetadata Create (1.1ms)[0m  [1m[32mINSERT INTO "ar_internal_metadata" ("key", "value", "created_at", "updated_at") VALUES ($1, $2, $3, $4) RETURNING "key"[0m  [["key", "environment"], ["value", "development"], ["created_at", "2022-09-03 01:04:29.689837"], ["updated_at", "2022-09-03 01:04:29.689837"]]
  ↳ bin/rails:9
  [1m[35m (13.8ms)[0m  [1m[35mCOMMIT[0m
  ↳ bin/rails:9
  [1m[35m (1.0ms)[0m  [1m[34mSELECT pg_advisory_unlock(5396089536776303610)[0m
  ↳ bin/rails:9
  [1m[35m (0.6ms)[0m  [1m[34mSELECT "schema_migrations"."version" FROM "schema_migrations" ORDER BY "schema_migrations"."version" ASC[0m
  ↳ bin/rails:9
Started GET "/" for 127.0.0.1 at 2022-09-02 21:05:12 -0400
Processing by Rails::WelcomeController#index as HTML
  Rendering /home/vin/.rbenv/versions/2.6.1/lib/ruby/gems/2.6.0/gems/railties-5.2.8.1/lib/rails/templates/rails/welcome/index.html.erb
  Rendered /home/vin/.rbenv/versions/2.6.1/lib/ruby/gems/2.6.0/gems/railties-5.2.8.1/lib/rails/templates/rails/welcome/index.html.erb (7.5ms)
Completed 200 OK in 54ms (Views: 32.9ms | ActiveRecord: 0.0ms)


  [1m[35m (37.7ms)[0m  [1m[34mSELECT pg_try_advisory_lock(5396089536776303610)[0m
  ↳ bin/rails:9
  [1m[35m (38.5ms)[0m  [1m[34mSELECT "schema_migrations"."version" FROM "schema_migrations" ORDER BY "schema_migrations"."version" ASC[0m
  ↳ bin/rails:9
Migrating to CreateBlogs (20220903165001)
  [1m[35m (3.7ms)[0m  [1m[35mBEGIN[0m
  ↳ bin/rails:9
  [1m[35m (962.3ms)[0m  [1m[35mCREATE TABLE "blogs" ("id" bigserial primary key, "title" character varying, "body" text, "created_at" timestamp NOT NULL, "updated_at" timestamp NOT NULL)[0m
  ↳ db/migrate/20220903165001_create_blogs.rb:3
  [1m[36mActiveRecord::SchemaMigration Create (12.2ms)[0m  [1m[32mINSERT INTO "schema_migrations" ("version") VALUES ($1) RETURNING "version"[0m  [["version", "20220903165001"]]
  ↳ bin/rails:9
  [1m[35m (13.7ms)[0m  [1m[35mCOMMIT[0m
  ↳ bin/rails:9
  [1m[36mActiveRecord::InternalMetadata Load (39.6ms)[0m  [1m[34mSELECT  "ar_internal_metadata".* FROM "ar_internal_metadata" WHERE "ar_internal_metadata"."key" = $1 LIMIT $2[0m  [["key", "environment"], ["LIMIT", 1]]
  ↳ bin/rails:9
  [1m[35m (5.9ms)[0m  [1m[35mBEGIN[0m
  ↳ bin/rails:9
  [1m[35m (0.4ms)[0m  [1m[35mCOMMIT[0m
  ↳ bin/rails:9
  [1m[35m (15.8ms)[0m  [1m[34mSELECT pg_advisory_unlock(5396089536776303610)[0m
  ↳ bin/rails:9
  [1m[35m (0.7ms)[0m  [1m[34mSELECT "schema_migrations"."version" FROM "schema_migrations" ORDER BY "schema_migrations"."version" ASC[0m
  ↳ bin/rails:9
Started GET "/" for ::1 at 2022-09-03 14:05:02 -0400
  [1m[35m (1.9ms)[0m  [1m[34mSELECT "schema_migrations"."version" FROM "schema_migrations" ORDER BY "schema_migrations"."version" ASC[0m
  ↳ /home/vin/.rbenv/versions/2.6.1/lib/ruby/gems/2.6.0/gems/activerecord-5.2.8.1/lib/active_record/log_subscriber.rb:98
Processing by Rails::WelcomeController#index as HTML
  Rendering /home/vin/.rbenv/versions/2.6.1/lib/ruby/gems/2.6.0/gems/railties-5.2.8.1/lib/rails/templates/rails/welcome/index.html.erb
  Rendered /home/vin/.rbenv/versions/2.6.1/lib/ruby/gems/2.6.0/gems/railties-5.2.8.1/lib/rails/templates/rails/welcome/index.html.erb (73.6ms)
Completed 200 OK in 347ms (Views: 196.5ms | ActiveRecord: 0.0ms)


Started GET "/blogs" for ::1 at 2022-09-03 14:05:10 -0400
Processing by BlogsController#index as HTML
  Rendering blogs/index.html.erb within layouts/application
  [1m[36mBlog Load (1.3ms)[0m  [1m[34mSELECT "blogs".* FROM "blogs"[0m
  ↳ app/views/blogs/index.html.erb:15
  Rendered blogs/index.html.erb within layouts/application (30.0ms)
Completed 200 OK in 4822ms (Views: 4788.5ms | ActiveRecord: 4.7ms)


Started GET "/blogs/new" for ::1 at 2022-09-03 14:05:23 -0400
Processing by BlogsController#new as HTML
  Rendering blogs/new.html.erb within layouts/application
  Rendered blogs/_form.html.erb (315.4ms)
  Rendered blogs/new.html.erb within layouts/application (321.7ms)
Completed 200 OK in 431ms (Views: 386.2ms | ActiveRecord: 15.8ms)


Started GET "/blogs" for ::1 at 2022-09-03 14:05:29 -0400
Processing by BlogsController#index as HTML
  Rendering blogs/index.html.erb within layouts/application
  [1m[36mBlog Load (1.3ms)[0m  [1m[34mSELECT "blogs".* FROM "blogs"[0m
  ↳ app/views/blogs/index.html.erb:15
  Rendered blogs/index.html.erb within layouts/application (15.2ms)
Completed 200 OK in 101ms (Views: 97.6ms | ActiveRecord: 1.3ms)


Started GET "/blogs/new" for ::1 at 2022-09-03 14:05:32 -0400
Processing by BlogsController#new as HTML
  Rendering blogs/new.html.erb within layouts/application
  Rendered blogs/_form.html.erb (10.1ms)
  Rendered blogs/new.html.erb within layouts/application (12.6ms)
Completed 200 OK in 116ms (Views: 107.8ms | ActiveRecord: 0.0ms)


Started GET "/blogs" for ::1 at 2022-09-03 14:05:34 -0400
Processing by BlogsController#index as HTML
  Rendering blogs/index.html.erb within layouts/application
  [1m[36mBlog Load (2.3ms)[0m  [1m[34mSELECT "blogs".* FROM "blogs"[0m
  ↳ app/views/blogs/index.html.erb:15
  Rendered blogs/index.html.erb within layouts/application (8.7ms)
Completed 200 OK in 123ms (Views: 118.4ms | ActiveRecord: 2.3ms)


Started GET "/blogs/new" for ::1 at 2022-09-03 14:31:47 -0400
Processing by BlogsController#new as HTML
  Rendering blogs/new.html.erb within layouts/application
  Rendered blogs/_form.html.erb (5.1ms)
  Rendered blogs/new.html.erb within layouts/application (7.7ms)
Completed 200 OK in 187ms (Views: 103.7ms | ActiveRecord: 12.2ms)


Started POST "/blogs" for ::1 at 2022-09-03 14:31:56 -0400
Processing by BlogsController#create as HTML
  Parameters: {"utf8"=>"✓", "authenticity_token"=>"C+ihQs6TfAILsZanYSB2cxWyc0dTUW1FxWKTuYDGfzF8riDDVYTybA5hql5T6nN0QJGUsuwee4q/QBhcXLjA8g==", "blog"=>{"title"=>"Food ", "body"=>"Food is good\r\n"}, "commit"=>"Create Blog"}
  [1m[35m (0.7ms)[0m  [1m[35mBEGIN[0m
  ↳ app/controllers/blogs_controller.rb:27
  [1m[36mBlog Create (76.9ms)[0m  [1m[32mINSERT INTO "blogs" ("title", "body", "created_at", "updated_at") VALUES ($1, $2, $3, $4) RETURNING "id"[0m  [["title", "Food "], ["body", "Food is good\r\n"], ["created_at", "2022-09-03 18:31:56.828422"], ["updated_at", "2022-09-03 18:31:56.828422"]]
  ↳ app/controllers/blogs_controller.rb:27
  [1m[35m (30.8ms)[0m  [1m[35mCOMMIT[0m
  ↳ app/controllers/blogs_controller.rb:27
Redirected to http://localhost:3000/blogs/1
Completed 302 Found in 128ms (ActiveRecord: 108.4ms)


Started GET "/blogs/1" for ::1 at 2022-09-03 14:31:56 -0400
Processing by BlogsController#show as HTML
  Parameters: {"id"=>"1"}
  [1m[36mBlog Load (1.0ms)[0m  [1m[34mSELECT  "blogs".* FROM "blogs" WHERE "blogs"."id" = $1 LIMIT $2[0m  [["id", 1], ["LIMIT", 1]]
  ↳ app/controllers/blogs_controller.rb:63
  Rendering blogs/show.html.erb within layouts/application
  Rendered blogs/show.html.erb within layouts/application (3.1ms)
Completed 200 OK in 184ms (Views: 113.7ms | ActiveRecord: 1.6ms)


Started GET "/blogs" for ::1 at 2022-09-03 14:31:59 -0400
Processing by BlogsController#index as HTML
  Rendering blogs/index.html.erb within layouts/application
  [1m[36mBlog Load (0.8ms)[0m  [1m[34mSELECT  "blogs".* FROM "blogs" LIMIT $1[0m  [["LIMIT", 1]]
  ↳ app/views/blogs/index.html.erb:15
  Rendered blogs/index.html.erb within layouts/application (7.7ms)
Completed 200 OK in 108ms (Views: 105.0ms | ActiveRecord: 0.8ms)


Started GET "/blogs/new" for ::1 at 2022-09-03 14:32:01 -0400
Processing by BlogsController#new as HTML
  Rendering blogs/new.html.erb within layouts/application
  Rendered blogs/_form.html.erb (13.0ms)
  Rendered blogs/new.html.erb within layouts/application (15.8ms)
Completed 200 OK in 87ms (Views: 83.7ms | ActiveRecord: 0.0ms)


Started POST "/blogs" for ::1 at 2022-09-03 14:32:11 -0400
Processing by BlogsController#create as HTML
  Parameters: {"utf8"=>"✓", "authenticity_token"=>"LS7UaXPIRtveouYWO3X3bY+QyfGwBGQOE3V0iHUF3i9aaFXo6N/Itdty2u8Jv/Jq2rMuBA9LcsFpV/9tqXth7A==", "blog"=>{"title"=>"Shawarshop", "body"=>"It is a good fruite"}, "commit"=>"Create Blog"}
  [1m[35m (1.0ms)[0m  [1m[35mBEGIN[0m
  ↳ app/controllers/blogs_controller.rb:27
  [1m[36mBlog Create (2.6ms)[0m  [1m[32mINSERT INTO "blogs" ("title", "body", "created_at", "updated_at") VALUES ($1, $2, $3, $4) RETURNING "id"[0m  [["title", "Shawarshop"], ["body", "It is a good fruite"], ["created_at", "2022-09-03 18:32:11.563420"], ["updated_at", "2022-09-03 18:32:11.563420"]]
  ↳ app/controllers/blogs_controller.rb:27
  [1m[35m (26.6ms)[0m  [1m[35mCOMMIT[0m
  ↳ app/controllers/blogs_controller.rb:27
Redirected to http://localhost:3000/blogs/2
Completed 302 Found in 42ms (ActiveRecord: 30.2ms)


Started GET "/blogs/2" for ::1 at 2022-09-03 14:32:11 -0400
Processing by BlogsController#show as HTML
  Parameters: {"id"=>"2"}
  [1m[36mBlog Load (1.9ms)[0m  [1m[34mSELECT  "blogs".* FROM "blogs" WHERE "blogs"."id" = $1 LIMIT $2[0m  [["id", 2], ["LIMIT", 1]]
  ↳ app/controllers/blogs_controller.rb:63
  Rendering blogs/show.html.erb within layouts/application
  Rendered blogs/show.html.erb within layouts/application (2.1ms)
Completed 200 OK in 87ms (Views: 74.0ms | ActiveRecord: 1.9ms)


Started GET "/blogs" for ::1 at 2022-09-03 14:32:14 -0400
Processing by BlogsController#index as HTML
  Rendering blogs/index.html.erb within layouts/application
  [1m[36mBlog Load (1.6ms)[0m  [1m[34mSELECT  "blogs".* FROM "blogs" LIMIT $1[0m  [["LIMIT", 1]]
  ↳ app/views/blogs/index.html.erb:15
  Rendered blogs/index.html.erb within layouts/application (6.7ms)
Completed 200 OK in 90ms (Views: 85.4ms | ActiveRecord: 1.6ms)


Started GET "/blogs" for ::1 at 2022-09-03 14:32:25 -0400
Processing by BlogsController#index as HTML
  Rendering blogs/index.html.erb within layouts/application
  [1m[36mBlog Load (1.6ms)[0m  [1m[34mSELECT  "blogs".* FROM "blogs" LIMIT $1[0m  [["LIMIT", 2]]
  ↳ app/views/blogs/index.html.erb:15
  Rendered blogs/index.html.erb within layouts/application (41.1ms)
Completed 200 OK in 147ms (Views: 101.3ms | ActiveRecord: 11.8ms)


Started GET "/blogs" for ::1 at 2022-09-03 14:32:54 -0400
Processing by BlogsController#index as HTML
  Rendering blogs/index.html.erb within layouts/application
  [1m[36mBlog Load (0.9ms)[0m  [1m[34mSELECT "blogs".* FROM "blogs"[0m
  ↳ app/views/blogs/index.html.erb:15
  Rendered blogs/index.html.erb within layouts/application (37.6ms)
Completed 200 OK in 123ms (Views: 105.2ms | ActiveRecord: 10.7ms)


  [1m[35m (52.0ms)[0m  [1m[34mSELECT pg_try_advisory_lock(5396089536776303610)[0m
  ↳ bin/rails:9
  [1m[35m (2.2ms)[0m  [1m[34mSELECT "schema_migrations"."version" FROM "schema_migrations" ORDER BY "schema_migrations"."version" ASC[0m
  ↳ bin/rails:9
Migrating to CreateSkills (20220904181718)
  [1m[35m (7.5ms)[0m  [1m[35mBEGIN[0m
  ↳ bin/rails:9
  [1m[35m (831.8ms)[0m  [1m[35mCREATE TABLE "skills" ("id" bigserial primary key, "title" character varying, "percent_utilized" character varying, "integer" character varying, "created_at" timestamp NOT NULL, "updated_at" timestamp NOT NULL)[0m
  ↳ db/migrate/20220904181718_create_skills.rb:3
  [1m[36mActiveRecord::SchemaMigration Create (16.6ms)[0m  [1m[32mINSERT INTO "schema_migrations" ("version") VALUES ($1) RETURNING "version"[0m  [["version", "20220904181718"]]
  ↳ bin/rails:9
  [1m[35m (24.1ms)[0m  [1m[35mCOMMIT[0m
  ↳ bin/rails:9
  [1m[36mActiveRecord::InternalMetadata Load (150.5ms)[0m  [1m[34mSELECT  "ar_internal_metadata".* FROM "ar_internal_metadata" WHERE "ar_internal_metadata"."key" = $1 LIMIT $2[0m  [["key", "environment"], ["LIMIT", 1]]
  ↳ bin/rails:9
  [1m[35m (0.4ms)[0m  [1m[35mBEGIN[0m
  ↳ bin/rails:9
  [1m[35m (0.4ms)[0m  [1m[35mCOMMIT[0m
  ↳ bin/rails:9
  [1m[35m (18.1ms)[0m  [1m[34mSELECT pg_advisory_unlock(5396089536776303610)[0m
  ↳ bin/rails:9
  [1m[35m (1.1ms)[0m  [1m[34mSELECT "schema_migrations"."version" FROM "schema_migrations" ORDER BY "schema_migrations"."version" ASC[0m
  ↳ bin/rails:9
  [1m[35m (0.4ms)[0m  [1m[35mBEGIN[0m
  [1m[36mSkill Create (2.1ms)[0m  [1m[32mINSERT INTO "skills" ("title", "percent_utilized", "created_at", "updated_at") VALUES ($1, $2, $3, $4) RETURNING "id"[0m  [["title", "Rails"], ["percent_utilized", "75"], ["created_at", "2022-09-04 19:20:50.312981"], ["updated_at", "2022-09-04 19:20:50.312981"]]
  [1m[35m (75.3ms)[0m  [1m[35mCOMMIT[0m
  [1m[35m (0.3ms)[0m  [1m[35mBEGIN[0m
  [1m[36mSkill Create (0.7ms)[0m  [1m[32mINSERT INTO "skills" ("title", "percent_utilized", "created_at", "updated_at") VALUES ($1, $2, $3, $4) RETURNING "id"[0m  [["title", "HTML"], ["percent_utilized", "5"], ["created_at", "2022-09-04 19:21:19.029482"], ["updated_at", "2022-09-04 19:21:19.029482"]]
  [1m[35m (22.9ms)[0m  [1m[35mCOMMIT[0m
  [1m[35m (0.6ms)[0m  [1m[35mBEGIN[0m
  [1m[36mSkill Create (1.1ms)[0m  [1m[32mINSERT INTO "skills" ("title", "percent_utilized", "created_at", "updated_at") VALUES ($1, $2, $3, $4) RETURNING "id"[0m  [["title", "Angular"], ["percent_utilized", "10"], ["created_at", "2022-09-04 19:21:40.926128"], ["updated_at", "2022-09-04 19:21:40.926128"]]
  [1m[35m (22.2ms)[0m  [1m[35mCOMMIT[0m
  [1m[36mSkill Load (0.9ms)[0m  [1m[34mSELECT  "skills".* FROM "skills" LIMIT $1[0m  [["LIMIT", 11]]
Started GET "/pages/home" for ::1 at 2022-09-04 15:26:23 -0400
  [1m[35m (1.8ms)[0m  [1m[34mSELECT "schema_migrations"."version" FROM "schema_migrations" ORDER BY "schema_migrations"."version" ASC[0m
  ↳ /home/vin/.rbenv/versions/2.6.1/lib/ruby/gems/2.6.0/gems/activerecord-5.2.8.1/lib/active_record/log_subscriber.rb:98
Processing by PagesController#home as HTML
  Rendering pages/home.html.erb within layouts/application
  Rendered pages/home.html.erb within layouts/application (2.6ms)
Completed 200 OK in 1972ms (Views: 1954.9ms | ActiveRecord: 0.0ms)


Started GET "/pages/home" for ::1 at 2022-09-04 15:26:54 -0400
Processing by PagesController#home as HTML
  Rendering pages/home.html.erb within layouts/application
  Rendered pages/home.html.erb within layouts/application (5.0ms)
Completed 200 OK in 128ms (Views: 125.6ms | ActiveRecord: 0.0ms)


Started GET "/pages/home" for ::1 at 2022-09-04 15:28:50 -0400
Processing by PagesController#home as HTML
  Rendering pages/home.html.erb within layouts/application
  Rendered pages/home.html.erb within layouts/application (1.6ms)
Completed 200 OK in 100ms (Views: 97.6ms | ActiveRecord: 0.0ms)


Started GET "/pages/home" for ::1 at 2022-09-04 15:33:34 -0400
Processing by PagesController#home as HTML
  Rendering pages/home.html.erb within layouts/application
  Rendered pages/home.html.erb within layouts/application (0.8ms)
Completed 200 OK in 80ms (Views: 77.7ms | ActiveRecord: 0.0ms)


Started GET "/pages/home" for ::1 at 2022-09-04 15:33:35 -0400
Processing by PagesController#home as HTML
  Rendering pages/home.html.erb within layouts/application
  Rendered pages/home.html.erb within layouts/application (0.7ms)
Completed 200 OK in 79ms (Views: 77.3ms | ActiveRecord: 0.0ms)


Started GET "/pages/home" for ::1 at 2022-09-04 15:33:36 -0400
Processing by PagesController#home as HTML
  Rendering pages/home.html.erb within layouts/application
  Rendered pages/home.html.erb within layouts/application (0.9ms)
Completed 200 OK in 95ms (Views: 93.2ms | ActiveRecord: 0.0ms)


Started GET "/pages/home" for ::1 at 2022-09-04 15:33:38 -0400
Processing by PagesController#home as HTML
  Rendering pages/home.html.erb within layouts/application
  Rendered pages/home.html.erb within layouts/application (0.8ms)
Completed 200 OK in 127ms (Views: 124.7ms | ActiveRecord: 0.0ms)


Started GET "/pages/home" for ::1 at 2022-09-04 15:37:02 -0400
Processing by PagesController#home as HTML
Completed 500 Internal Server Error in 8ms (ActiveRecord: 0.0ms)


  
NameError (uninitialized constant PagesController::Blogs):
  
app/controllers/pages_controller.rb:4:in `home'
Started GET "/pages/home" for ::1 at 2022-09-04 15:37:32 -0400
Processing by PagesController#home as HTML
  Rendering pages/home.html.erb within layouts/application
  [1m[36mSkill Load (1.3ms)[0m  [1m[34mSELECT  "skills".* FROM "skills" LIMIT $1[0m  [["LIMIT", 11]]
  ↳ app/views/pages/home.html.erb:5
  Rendered pages/home.html.erb within layouts/application (49.8ms)
Completed 200 OK in 161ms (Views: 139.3ms | ActiveRecord: 16.0ms)


Started GET "/pages/home" for ::1 at 2022-09-04 15:38:17 -0400
Processing by PagesController#home as HTML
  Rendering pages/home.html.erb within layouts/application
  [1m[36mBlog Load (45.6ms)[0m  [1m[34mSELECT  "blogs".* FROM "blogs" LIMIT $1[0m  [["LIMIT", 11]]
  ↳ app/views/pages/home.html.erb:4
  [1m[36mSkill Load (0.7ms)[0m  [1m[34mSELECT  "skills".* FROM "skills" LIMIT $1[0m  [["LIMIT", 11]]
  ↳ app/views/pages/home.html.erb:5
  Rendered pages/home.html.erb within layouts/application (126.4ms)
Completed 200 OK in 231ms (Views: 135.0ms | ActiveRecord: 65.2ms)


Started GET "/pages/home" for ::1 at 2022-09-05 11:07:08 -0400
  [1m[35m (28.6ms)[0m  [1m[34mSELECT "schema_migrations"."version" FROM "schema_migrations" ORDER BY "schema_migrations"."version" ASC[0m
  ↳ /home/vin/.rbenv/versions/2.6.1/lib/ruby/gems/2.6.0/gems/activerecord-5.2.8.1/lib/active_record/log_subscriber.rb:98
Processing by PagesController#home as HTML
  Rendering pages/home.html.erb within layouts/application
  [1m[36mBlog Load (57.3ms)[0m  [1m[34mSELECT  "blogs".* FROM "blogs" LIMIT $1[0m  [["LIMIT", 11]]
  ↳ app/views/pages/home.html.erb:4
  [1m[36mSkill Load (33.0ms)[0m  [1m[34mSELECT  "skills".* FROM "skills" LIMIT $1[0m  [["LIMIT", 11]]
  ↳ app/views/pages/home.html.erb:5
  Rendered pages/home.html.erb within layouts/application (285.4ms)
Completed 200 OK in 1870ms (Views: 1640.0ms | ActiveRecord: 146.9ms)


Started GET "/pages/home" for ::1 at 2022-09-05 11:27:23 -0400
Processing by PagesController#home as HTML
  Rendering pages/home.html.erb within layouts/application
  [1m[36mBlog Load (1.2ms)[0m  [1m[34mSELECT  "blogs".* FROM "blogs" LIMIT $1[0m  [["LIMIT", 11]]
  ↳ app/views/pages/home.html.erb:4
  [1m[36mSkill Load (1.3ms)[0m  [1m[34mSELECT  "skills".* FROM "skills" LIMIT $1[0m  [["LIMIT", 11]]
  ↳ app/views/pages/home.html.erb:5
  Rendered pages/home.html.erb within layouts/application (13.7ms)
Completed 200 OK in 97ms (Views: 91.4ms | ActiveRecord: 3.0ms)


Started GET "/pages/home" for ::1 at 2022-09-05 11:27:24 -0400
Processing by PagesController#home as HTML
  Rendering pages/home.html.erb within layouts/application
  [1m[36mBlog Load (0.7ms)[0m  [1m[34mSELECT  "blogs".* FROM "blogs" LIMIT $1[0m  [["LIMIT", 11]]
  ↳ app/views/pages/home.html.erb:4
  [1m[36mSkill Load (2.8ms)[0m  [1m[34mSELECT  "skills".* FROM "skills" LIMIT $1[0m  [["LIMIT", 11]]
  ↳ app/views/pages/home.html.erb:5
  Rendered pages/home.html.erb within layouts/application (10.5ms)
Completed 200 OK in 98ms (Views: 92.6ms | ActiveRecord: 3.5ms)


  [1m[35m (0.8ms)[0m  [1m[34mSELECT pg_try_advisory_lock(5396089536776303610)[0m
  ↳ bin/rails:9
  [1m[35m (27.9ms)[0m  [1m[34mSELECT "schema_migrations"."version" FROM "schema_migrations" ORDER BY "schema_migrations"."version" ASC[0m
  ↳ bin/rails:9
Migrating to CreatePortfolios (20220905160722)
  [1m[35m (3.1ms)[0m  [1m[35mBEGIN[0m
  ↳ bin/rails:9
  [1m[35m (556.8ms)[0m  [1m[35mCREATE TABLE "portfolios" ("id" bigserial primary key, "title" character varying, "subtitle" character varying, "body" text, "main_image" text, "thumb_image" text, "created_at" timestamp NOT NULL, "updated_at" timestamp NOT NULL)[0m
  ↳ db/migrate/20220905160722_create_portfolios.rb:3
  [1m[36mActiveRecord::SchemaMigration Create (1.0ms)[0m  [1m[32mINSERT INTO "schema_migrations" ("version") VALUES ($1) RETURNING "version"[0m  [["version", "20220905160722"]]
  ↳ bin/rails:9
  [1m[35m (16.1ms)[0m  [1m[35mCOMMIT[0m
  ↳ bin/rails:9
  [1m[36mActiveRecord::InternalMetadata Load (62.2ms)[0m  [1m[34mSELECT  "ar_internal_metadata".* FROM "ar_internal_metadata" WHERE "ar_internal_metadata"."key" = $1 LIMIT $2[0m  [["key", "environment"], ["LIMIT", 1]]
  ↳ bin/rails:9
  [1m[35m (0.4ms)[0m  [1m[35mBEGIN[0m
  ↳ bin/rails:9
  [1m[35m (0.4ms)[0m  [1m[35mCOMMIT[0m
  ↳ bin/rails:9
  [1m[35m (0.7ms)[0m  [1m[34mSELECT pg_advisory_unlock(5396089536776303610)[0m
  ↳ bin/rails:9
  [1m[35m (4.1ms)[0m  [1m[34mSELECT "schema_migrations"."version" FROM "schema_migrations" ORDER BY "schema_migrations"."version" ASC[0m
  ↳ bin/rails:9
